{"/home/masoudi/Microverse/Module2/Todo_review/src/TDlist.js": {"path":"/home/masoudi/Microverse/Module2/Todo_review/src/TDlist.js","statementMap":{"0":{"start":{"line":2,"column":21},"end":{"line":2,"column":40}},"1":{"start":{"line":5,"column":4},"end":{"line":5,"column":31}},"2":{"start":{"line":6,"column":4},"end":{"line":6,"column":35}},"3":{"start":{"line":7,"column":4},"end":{"line":9,"column":11}},"4":{"start":{"line":13,"column":22},"end":{"line":13,"column":43}},"5":{"start":{"line":14,"column":4},"end":{"line":14,"column":44}},"6":{"start":{"line":18,"column":20},"end":{"line":34,"column":5}},"7":{"start":{"line":19,"column":20},"end":{"line":31,"column":10}},"8":{"start":{"line":32,"column":19},"end":{"line":32,"column":59}},"9":{"start":{"line":33,"column":6},"end":{"line":33,"column":48}},"10":{"start":{"line":35,"column":4},"end":{"line":37,"column":7}},"11":{"start":{"line":36,"column":6},"end":{"line":36,"column":23}},"12":{"start":{"line":41,"column":4},"end":{"line":58,"column":5}},"13":{"start":{"line":42,"column":6},"end":{"line":48,"column":8}},"14":{"start":{"line":49,"column":6},"end":{"line":49,"column":22}},"15":{"start":{"line":51,"column":19},"end":{"line":55,"column":7}},"16":{"start":{"line":56,"column":6},"end":{"line":56,"column":27}},"17":{"start":{"line":57,"column":6},"end":{"line":57,"column":22}},"18":{"start":{"line":59,"column":4},"end":{"line":59,"column":28}},"19":{"start":{"line":63,"column":19},"end":{"line":63,"column":76}},"20":{"start":{"line":63,"column":51},"end":{"line":63,"column":75}},"21":{"start":{"line":64,"column":19},"end":{"line":67,"column":6}},"22":{"start":{"line":65,"column":6},"end":{"line":65,"column":44}},"23":{"start":{"line":66,"column":6},"end":{"line":66,"column":18}},"24":{"start":{"line":68,"column":4},"end":{"line":68,"column":26}},"25":{"start":{"line":69,"column":17},"end":{"line":69,"column":59}},"26":{"start":{"line":70,"column":4},"end":{"line":70,"column":18}},"27":{"start":{"line":71,"column":4},"end":{"line":71,"column":25}},"28":{"start":{"line":75,"column":4},"end":{"line":81,"column":5}},"29":{"start":{"line":76,"column":6},"end":{"line":76,"column":42}},"30":{"start":{"line":77,"column":6},"end":{"line":77,"column":22}},"31":{"start":{"line":79,"column":6},"end":{"line":79,"column":40}},"32":{"start":{"line":80,"column":6},"end":{"line":80,"column":22}}},"fnMap":{"0":{"name":"(anonymous_0)","decl":{"start":{"line":4,"column":2},"end":{"line":4,"column":3}},"loc":{"start":{"line":4,"column":51},"end":{"line":10,"column":3}},"line":4},"1":{"name":"(anonymous_1)","decl":{"start":{"line":12,"column":2},"end":{"line":12,"column":3}},"loc":{"start":{"line":12,"column":30},"end":{"line":15,"column":3}},"line":12},"2":{"name":"(anonymous_2)","decl":{"start":{"line":17,"column":2},"end":{"line":17,"column":3}},"loc":{"start":{"line":17,"column":28},"end":{"line":38,"column":3}},"line":17},"3":{"name":"(anonymous_3)","decl":{"start":{"line":18,"column":20},"end":{"line":18,"column":21}},"loc":{"start":{"line":18,"column":61},"end":{"line":34,"column":5}},"line":18},"4":{"name":"(anonymous_4)","decl":{"start":{"line":35,"column":18},"end":{"line":35,"column":19}},"loc":{"start":{"line":35,"column":31},"end":{"line":37,"column":5}},"line":35},"5":{"name":"(anonymous_5)","decl":{"start":{"line":40,"column":2},"end":{"line":40,"column":3}},"loc":{"start":{"line":40,"column":12},"end":{"line":60,"column":3}},"line":40},"6":{"name":"(anonymous_6)","decl":{"start":{"line":62,"column":2},"end":{"line":62,"column":3}},"loc":{"start":{"line":62,"column":21},"end":{"line":72,"column":3}},"line":62},"7":{"name":"(anonymous_7)","decl":{"start":{"line":63,"column":36},"end":{"line":63,"column":37}},"loc":{"start":{"line":63,"column":51},"end":{"line":63,"column":75}},"line":63},"8":{"name":"(anonymous_8)","decl":{"start":{"line":64,"column":30},"end":{"line":64,"column":31}},"loc":{"start":{"line":64,"column":40},"end":{"line":67,"column":5}},"line":64},"9":{"name":"(anonymous_9)","decl":{"start":{"line":74,"column":2},"end":{"line":74,"column":3}},"loc":{"start":{"line":74,"column":23},"end":{"line":82,"column":3}},"line":74}},"branchMap":{"0":{"loc":{"start":{"line":4,"column":14},"end":{"line":4,"column":31}},"type":"default-arg","locations":[{"start":{"line":4,"column":26},"end":{"line":4,"column":31}}],"line":4},"1":{"loc":{"start":{"line":4,"column":33},"end":{"line":4,"column":49}},"type":"default-arg","locations":[{"start":{"line":4,"column":47},"end":{"line":4,"column":49}}],"line":4},"2":{"loc":{"start":{"line":7,"column":16},"end":{"line":9,"column":10}},"type":"cond-expr","locations":[{"start":{"line":8,"column":8},"end":{"line":8,"column":48}},{"start":{"line":9,"column":8},"end":{"line":9,"column":10}}],"line":7},"3":{"loc":{"start":{"line":12,"column":11},"end":{"line":12,"column":28}},"type":"default-arg","locations":[{"start":{"line":12,"column":19},"end":{"line":12,"column":28}}],"line":12},"4":{"loc":{"start":{"line":22,"column":7},"end":{"line":22,"column":157}},"type":"cond-expr","locations":[{"start":{"line":22,"column":32},"end":{"line":22,"column":91}},{"start":{"line":22,"column":94},"end":{"line":22,"column":157}}],"line":22},"5":{"loc":{"start":{"line":24,"column":51},"end":{"line":24,"column":95}},"type":"cond-expr","locations":[{"start":{"line":24,"column":76},"end":{"line":24,"column":78}},{"start":{"line":24,"column":81},"end":{"line":24,"column":95}}],"line":24},"6":{"loc":{"start":{"line":41,"column":4},"end":{"line":58,"column":5}},"type":"if","locations":[{"start":{"line":41,"column":4},"end":{"line":58,"column":5}},{"start":{"line":50,"column":11},"end":{"line":58,"column":5}}],"line":41},"7":{"loc":{"start":{"line":41,"column":8},"end":{"line":41,"column":49}},"type":"binary-expr","locations":[{"start":{"line":41,"column":8},"end":{"line":41,"column":24}},{"start":{"line":41,"column":28},"end":{"line":41,"column":49}}],"line":41},"8":{"loc":{"start":{"line":75,"column":4},"end":{"line":81,"column":5}},"type":"if","locations":[{"start":{"line":75,"column":4},"end":{"line":81,"column":5}},{"start":{"line":78,"column":11},"end":{"line":81,"column":5}}],"line":75}},"s":{"0":1,"1":6,"2":6,"3":6,"4":6,"5":6,"6":0,"7":0,"8":0,"9":0,"10":0,"11":0,"12":3,"13":1,"14":1,"15":2,"16":2,"17":2,"18":3,"19":3,"20":5,"21":3,"22":2,"23":2,"24":3,"25":3,"26":3,"27":3,"28":0,"29":0,"30":0,"31":0,"32":0},"f":{"0":6,"1":6,"2":0,"3":0,"4":0,"5":3,"6":3,"7":5,"8":2,"9":0},"b":{"0":[3],"1":[3],"2":[6,0],"3":[3],"4":[0,0],"5":[0,0],"6":[1,2],"7":[3,3],"8":[0,0]},"_coverageSchema":"1a1c01bbd47fc00a2c39e90264f33305004495a9","hash":"367e0a1a0c8251481e12a75f6e4c8e52dce01472"}
}
