{"/home/masoudi/Microverse/Module2/Todo_review/src/TDlist.js": {"path":"/home/masoudi/Microverse/Module2/Todo_review/src/TDlist.js","statementMap":{"0":{"start":{"line":3,"column":21},"end":{"line":3,"column":40}},"1":{"start":{"line":6,"column":4},"end":{"line":6,"column":31}},"2":{"start":{"line":7,"column":4},"end":{"line":7,"column":35}},"3":{"start":{"line":8,"column":4},"end":{"line":10,"column":11}},"4":{"start":{"line":14,"column":22},"end":{"line":14,"column":43}},"5":{"start":{"line":15,"column":4},"end":{"line":15,"column":44}},"6":{"start":{"line":19,"column":20},"end":{"line":35,"column":5}},"7":{"start":{"line":20,"column":20},"end":{"line":32,"column":10}},"8":{"start":{"line":33,"column":19},"end":{"line":33,"column":59}},"9":{"start":{"line":34,"column":6},"end":{"line":34,"column":48}},"10":{"start":{"line":36,"column":4},"end":{"line":38,"column":7}},"11":{"start":{"line":37,"column":6},"end":{"line":37,"column":23}},"12":{"start":{"line":42,"column":4},"end":{"line":59,"column":5}},"13":{"start":{"line":43,"column":6},"end":{"line":49,"column":8}},"14":{"start":{"line":50,"column":6},"end":{"line":50,"column":22}},"15":{"start":{"line":52,"column":19},"end":{"line":56,"column":7}},"16":{"start":{"line":57,"column":6},"end":{"line":57,"column":27}},"17":{"start":{"line":58,"column":6},"end":{"line":58,"column":22}},"18":{"start":{"line":60,"column":4},"end":{"line":60,"column":28}},"19":{"start":{"line":64,"column":19},"end":{"line":64,"column":76}},"20":{"start":{"line":64,"column":51},"end":{"line":64,"column":75}},"21":{"start":{"line":65,"column":19},"end":{"line":68,"column":6}},"22":{"start":{"line":66,"column":6},"end":{"line":66,"column":44}},"23":{"start":{"line":67,"column":6},"end":{"line":67,"column":18}},"24":{"start":{"line":69,"column":4},"end":{"line":69,"column":26}},"25":{"start":{"line":70,"column":17},"end":{"line":70,"column":59}},"26":{"start":{"line":71,"column":4},"end":{"line":71,"column":18}},"27":{"start":{"line":72,"column":4},"end":{"line":72,"column":25}},"28":{"start":{"line":76,"column":4},"end":{"line":82,"column":5}},"29":{"start":{"line":77,"column":6},"end":{"line":77,"column":42}},"30":{"start":{"line":78,"column":6},"end":{"line":78,"column":22}},"31":{"start":{"line":80,"column":6},"end":{"line":80,"column":40}},"32":{"start":{"line":81,"column":6},"end":{"line":81,"column":22}}},"fnMap":{"0":{"name":"(anonymous_0)","decl":{"start":{"line":5,"column":2},"end":{"line":5,"column":3}},"loc":{"start":{"line":5,"column":51},"end":{"line":11,"column":3}},"line":5},"1":{"name":"(anonymous_1)","decl":{"start":{"line":13,"column":2},"end":{"line":13,"column":3}},"loc":{"start":{"line":13,"column":30},"end":{"line":16,"column":3}},"line":13},"2":{"name":"(anonymous_2)","decl":{"start":{"line":18,"column":2},"end":{"line":18,"column":3}},"loc":{"start":{"line":18,"column":28},"end":{"line":39,"column":3}},"line":18},"3":{"name":"(anonymous_3)","decl":{"start":{"line":19,"column":20},"end":{"line":19,"column":21}},"loc":{"start":{"line":19,"column":61},"end":{"line":35,"column":5}},"line":19},"4":{"name":"(anonymous_4)","decl":{"start":{"line":36,"column":18},"end":{"line":36,"column":19}},"loc":{"start":{"line":36,"column":31},"end":{"line":38,"column":5}},"line":36},"5":{"name":"(anonymous_5)","decl":{"start":{"line":41,"column":2},"end":{"line":41,"column":3}},"loc":{"start":{"line":41,"column":12},"end":{"line":61,"column":3}},"line":41},"6":{"name":"(anonymous_6)","decl":{"start":{"line":63,"column":2},"end":{"line":63,"column":3}},"loc":{"start":{"line":63,"column":21},"end":{"line":73,"column":3}},"line":63},"7":{"name":"(anonymous_7)","decl":{"start":{"line":64,"column":36},"end":{"line":64,"column":37}},"loc":{"start":{"line":64,"column":51},"end":{"line":64,"column":75}},"line":64},"8":{"name":"(anonymous_8)","decl":{"start":{"line":65,"column":30},"end":{"line":65,"column":31}},"loc":{"start":{"line":65,"column":40},"end":{"line":68,"column":5}},"line":65},"9":{"name":"(anonymous_9)","decl":{"start":{"line":75,"column":2},"end":{"line":75,"column":3}},"loc":{"start":{"line":75,"column":23},"end":{"line":83,"column":3}},"line":75}},"branchMap":{"0":{"loc":{"start":{"line":5,"column":14},"end":{"line":5,"column":31}},"type":"default-arg","locations":[{"start":{"line":5,"column":26},"end":{"line":5,"column":31}}],"line":5},"1":{"loc":{"start":{"line":5,"column":33},"end":{"line":5,"column":49}},"type":"default-arg","locations":[{"start":{"line":5,"column":47},"end":{"line":5,"column":49}}],"line":5},"2":{"loc":{"start":{"line":8,"column":16},"end":{"line":10,"column":10}},"type":"cond-expr","locations":[{"start":{"line":9,"column":8},"end":{"line":9,"column":48}},{"start":{"line":10,"column":8},"end":{"line":10,"column":10}}],"line":8},"3":{"loc":{"start":{"line":13,"column":11},"end":{"line":13,"column":28}},"type":"default-arg","locations":[{"start":{"line":13,"column":19},"end":{"line":13,"column":28}}],"line":13},"4":{"loc":{"start":{"line":23,"column":7},"end":{"line":23,"column":157}},"type":"cond-expr","locations":[{"start":{"line":23,"column":32},"end":{"line":23,"column":91}},{"start":{"line":23,"column":94},"end":{"line":23,"column":157}}],"line":23},"5":{"loc":{"start":{"line":25,"column":51},"end":{"line":25,"column":95}},"type":"cond-expr","locations":[{"start":{"line":25,"column":76},"end":{"line":25,"column":78}},{"start":{"line":25,"column":81},"end":{"line":25,"column":95}}],"line":25},"6":{"loc":{"start":{"line":42,"column":4},"end":{"line":59,"column":5}},"type":"if","locations":[{"start":{"line":42,"column":4},"end":{"line":59,"column":5}},{"start":{"line":51,"column":11},"end":{"line":59,"column":5}}],"line":42},"7":{"loc":{"start":{"line":42,"column":8},"end":{"line":42,"column":49}},"type":"binary-expr","locations":[{"start":{"line":42,"column":8},"end":{"line":42,"column":24}},{"start":{"line":42,"column":28},"end":{"line":42,"column":49}}],"line":42},"8":{"loc":{"start":{"line":76,"column":4},"end":{"line":82,"column":5}},"type":"if","locations":[{"start":{"line":76,"column":4},"end":{"line":82,"column":5}},{"start":{"line":79,"column":11},"end":{"line":82,"column":5}}],"line":76}},"s":{"0":1,"1":7,"2":7,"3":7,"4":7,"5":7,"6":0,"7":0,"8":0,"9":0,"10":0,"11":0,"12":2,"13":1,"14":1,"15":1,"16":1,"17":1,"18":2,"19":0,"20":0,"21":0,"22":0,"23":0,"24":0,"25":0,"26":0,"27":0,"28":5,"29":2,"30":2,"31":3,"32":3},"f":{"0":7,"1":7,"2":0,"3":0,"4":0,"5":2,"6":0,"7":0,"8":0,"9":5},"b":{"0":[5],"1":[5],"2":[7,0],"3":[7],"4":[0,0],"5":[0,0],"6":[1,1],"7":[2,2],"8":[2,3]},"_coverageSchema":"1a1c01bbd47fc00a2c39e90264f33305004495a9","hash":"db320c4c11b8ff3bbdfc91f01783d1ad43e21f8b"}
,"/home/masoudi/Microverse/Module2/Todo_review/src/interactive.js": {"path":"/home/masoudi/Microverse/Module2/Todo_review/src/interactive.js","statementMap":{"0":{"start":{"line":4,"column":17},"end":{"line":4,"column":47}},"1":{"start":{"line":5,"column":15},"end":{"line":5,"column":27}},"2":{"start":{"line":6,"column":2},"end":{"line":18,"column":3}},"3":{"start":{"line":7,"column":4},"end":{"line":7,"column":85}},"4":{"start":{"line":8,"column":4},"end":{"line":8,"column":66}},"5":{"start":{"line":9,"column":18},"end":{"line":9,"column":63}},"6":{"start":{"line":10,"column":4},"end":{"line":10,"column":35}},"7":{"start":{"line":11,"column":4},"end":{"line":11,"column":43}},"8":{"start":{"line":13,"column":4},"end":{"line":13,"column":51}},"9":{"start":{"line":14,"column":4},"end":{"line":14,"column":54}},"10":{"start":{"line":15,"column":18},"end":{"line":15,"column":63}},"11":{"start":{"line":16,"column":4},"end":{"line":16,"column":36}},"12":{"start":{"line":17,"column":4},"end":{"line":17,"column":44}},"13":{"start":{"line":21,"column":24},"end":{"line":35,"column":1}},"14":{"start":{"line":22,"column":17},"end":{"line":22,"column":55}},"15":{"start":{"line":23,"column":15},"end":{"line":23,"column":27}},"16":{"start":{"line":24,"column":20},"end":{"line":24,"column":78}},"17":{"start":{"line":24,"column":57},"end":{"line":24,"column":77}},"18":{"start":{"line":25,"column":19},"end":{"line":28,"column":4}},"19":{"start":{"line":26,"column":4},"end":{"line":26,"column":45}},"20":{"start":{"line":27,"column":4},"end":{"line":27,"column":16}},"21":{"start":{"line":29,"column":2},"end":{"line":29,"column":26}},"22":{"start":{"line":30,"column":2},"end":{"line":34,"column":5}},"23":{"start":{"line":31,"column":4},"end":{"line":33,"column":5}},"24":{"start":{"line":32,"column":6},"end":{"line":32,"column":34}}},"fnMap":{"0":{"name":"checkbox","decl":{"start":{"line":3,"column":16},"end":{"line":3,"column":24}},"loc":{"start":{"line":3,"column":31},"end":{"line":19,"column":1}},"line":3},"1":{"name":"(anonymous_1)","decl":{"start":{"line":21,"column":24},"end":{"line":21,"column":25}},"loc":{"start":{"line":21,"column":30},"end":{"line":35,"column":1}},"line":21},"2":{"name":"(anonymous_2)","decl":{"start":{"line":24,"column":37},"end":{"line":24,"column":38}},"loc":{"start":{"line":24,"column":57},"end":{"line":24,"column":77}},"line":24},"3":{"name":"(anonymous_3)","decl":{"start":{"line":25,"column":33},"end":{"line":25,"column":34}},"loc":{"start":{"line":25,"column":43},"end":{"line":28,"column":3}},"line":25},"4":{"name":"(anonymous_4)","decl":{"start":{"line":30,"column":17},"end":{"line":30,"column":18}},"loc":{"start":{"line":30,"column":30},"end":{"line":34,"column":3}},"line":30}},"branchMap":{"0":{"loc":{"start":{"line":6,"column":2},"end":{"line":18,"column":3}},"type":"if","locations":[{"start":{"line":6,"column":2},"end":{"line":18,"column":3}},{"start":{"line":12,"column":9},"end":{"line":18,"column":3}}],"line":6},"1":{"loc":{"start":{"line":31,"column":4},"end":{"line":33,"column":5}},"type":"if","locations":[{"start":{"line":31,"column":4},"end":{"line":33,"column":5}},{"start":{},"end":{}}],"line":31}},"s":{"0":0,"1":0,"2":0,"3":0,"4":0,"5":0,"6":0,"7":0,"8":0,"9":0,"10":0,"11":0,"12":0,"13":1,"14":0,"15":0,"16":0,"17":0,"18":0,"19":0,"20":0,"21":0,"22":0,"23":0,"24":0},"f":{"0":0,"1":0,"2":0,"3":0,"4":0},"b":{"0":[0,0],"1":[0,0]},"_coverageSchema":"1a1c01bbd47fc00a2c39e90264f33305004495a9","hash":"f518417a6c66b6874788b92a25a03fd182592215"}
}
