TN:
SF:src/TDlist.js
FN:4,(anonymous_0)
FN:12,(anonymous_1)
FN:17,(anonymous_2)
FN:18,(anonymous_3)
FN:35,(anonymous_4)
FN:40,(anonymous_5)
FN:62,(anonymous_6)
FN:63,(anonymous_7)
FN:64,(anonymous_8)
FN:74,(anonymous_9)
FNF:10
FNH:6
FNDA:6,(anonymous_0)
FNDA:6,(anonymous_1)
FNDA:0,(anonymous_2)
FNDA:0,(anonymous_3)
FNDA:0,(anonymous_4)
FNDA:3,(anonymous_5)
FNDA:3,(anonymous_6)
FNDA:5,(anonymous_7)
FNDA:2,(anonymous_8)
FNDA:0,(anonymous_9)
DA:2,1
DA:5,6
DA:6,6
DA:7,6
DA:13,6
DA:14,6
DA:18,0
DA:19,0
DA:32,0
DA:33,0
DA:35,0
DA:36,0
DA:41,3
DA:42,1
DA:49,1
DA:51,2
DA:56,2
DA:57,2
DA:59,3
DA:63,5
DA:64,3
DA:65,2
DA:66,2
DA:68,3
DA:69,3
DA:70,3
DA:71,3
DA:75,0
DA:76,0
DA:77,0
DA:79,0
DA:80,0
LF:32
LH:21
BRDA:4,0,0,3
BRDA:4,1,0,3
BRDA:7,2,0,6
BRDA:7,2,1,0
BRDA:12,3,0,3
BRDA:22,4,0,0
BRDA:22,4,1,0
BRDA:24,5,0,0
BRDA:24,5,1,0
BRDA:41,6,0,1
BRDA:41,6,1,2
BRDA:41,7,0,3
BRDA:41,7,1,3
BRDA:75,8,0,0
BRDA:75,8,1,0
BRF:15
BRH:8
end_of_record
