TN:
SF:src/TDlist.js
FN:5,(anonymous_0)
FN:13,(anonymous_1)
FN:18,(anonymous_2)
FN:19,(anonymous_3)
FN:36,(anonymous_4)
FN:41,(anonymous_5)
FN:63,(anonymous_6)
FN:64,(anonymous_7)
FN:65,(anonymous_8)
FN:75,(anonymous_9)
FNF:10
FNH:4
FNDA:7,(anonymous_0)
FNDA:7,(anonymous_1)
FNDA:0,(anonymous_2)
FNDA:0,(anonymous_3)
FNDA:0,(anonymous_4)
FNDA:2,(anonymous_5)
FNDA:0,(anonymous_6)
FNDA:0,(anonymous_7)
FNDA:0,(anonymous_8)
FNDA:5,(anonymous_9)
DA:3,1
DA:6,7
DA:7,7
DA:8,7
DA:14,7
DA:15,7
DA:19,0
DA:20,0
DA:33,0
DA:34,0
DA:36,0
DA:37,0
DA:42,2
DA:43,1
DA:50,1
DA:52,1
DA:57,1
DA:58,1
DA:60,2
DA:64,0
DA:65,0
DA:66,0
DA:67,0
DA:69,0
DA:70,0
DA:71,0
DA:72,0
DA:76,5
DA:77,2
DA:78,2
DA:80,3
DA:81,3
LF:32
LH:18
BRDA:5,0,0,5
BRDA:5,1,0,5
BRDA:8,2,0,7
BRDA:8,2,1,0
BRDA:13,3,0,7
BRDA:23,4,0,0
BRDA:23,4,1,0
BRDA:25,5,0,0
BRDA:25,5,1,0
BRDA:42,6,0,1
BRDA:42,6,1,1
BRDA:42,7,0,2
BRDA:42,7,1,2
BRDA:76,8,0,2
BRDA:76,8,1,3
BRF:15
BRH:10
end_of_record
TN:
SF:src/interactive.js
FN:3,checkbox
FN:21,(anonymous_1)
FN:24,(anonymous_2)
FN:25,(anonymous_3)
FN:30,(anonymous_4)
FNF:5
FNH:0
FNDA:0,checkbox
FNDA:0,(anonymous_1)
FNDA:0,(anonymous_2)
FNDA:0,(anonymous_3)
FNDA:0,(anonymous_4)
DA:4,0
DA:5,0
DA:6,0
DA:7,0
DA:8,0
DA:9,0
DA:10,0
DA:11,0
DA:13,0
DA:14,0
DA:15,0
DA:16,0
DA:17,0
DA:21,1
DA:22,0
DA:23,0
DA:24,0
DA:25,0
DA:26,0
DA:27,0
DA:29,0
DA:30,0
DA:31,0
DA:32,0
LF:24
LH:1
BRDA:6,0,0,0
BRDA:6,0,1,0
BRDA:31,1,0,0
BRDA:31,1,1,0
BRF:4
BRH:0
end_of_record
